Analysis & Synthesis report for pilot
Fri Jan 27 20:13:45 2023
Quartus Prime Version 17.0.0 Build 595 04/25/2017 SJ Lite Edition


---------------------
; Table of Contents ;
---------------------
  1. Legal Notice
  2. Analysis & Synthesis Summary
  3. Analysis & Synthesis Settings
  4. Parallel Compilation
  5. Analysis & Synthesis Source Files Read
  6. Analysis & Synthesis Resource Usage Summary
  7. Analysis & Synthesis Resource Utilization by Entity
  8. State Machine - |pilot|UART:UART_transceiver|reception:rx_module|rx_etat
  9. State Machine - |pilot|UART:UART_transceiver|transmission:tx_module|tx_etat
 10. General Register Statistics
 11. Inverted Register Statistics
 12. Multiplexer Restructuring Statistics (Restructuring Performed)
 13. Parameter Settings for User Entity Instance: UART:UART_transceiver|baude_rate:B_rate
 14. Post-Synthesis Netlist Statistics for Top Partition
 15. Elapsed Time Per Partition
 16. Analysis & Synthesis Messages



----------------
; Legal Notice ;
----------------
Copyright (C) 2017  Intel Corporation. All rights reserved.
Your use of Intel Corporation's design tools, logic functions 
and other software and tools, and its AMPP partner logic 
functions, and any output files from any of the foregoing 
(including device programming or simulation files), and any 
associated documentation or information are expressly subject 
to the terms and conditions of the Intel Program License 
Subscription Agreement, the Intel Quartus Prime License Agreement,
the Intel MegaCore Function License Agreement, or other 
applicable license agreement, including, without limitation, 
that your use is for the sole purpose of programming logic 
devices manufactured by Intel and sold by Intel or its 
authorized distributors.  Please refer to the applicable 
agreement for further details.



+----------------------------------------------------------------------------------+
; Analysis & Synthesis Summary                                                     ;
+------------------------------------+---------------------------------------------+
; Analysis & Synthesis Status        ; Successful - Fri Jan 27 20:13:44 2023       ;
; Quartus Prime Version              ; 17.0.0 Build 595 04/25/2017 SJ Lite Edition ;
; Revision Name                      ; pilot                                       ;
; Top-level Entity Name              ; pilot                                       ;
; Family                             ; MAX 10                                      ;
; Total logic elements               ; 154                                         ;
;     Total combinational functions  ; 146                                         ;
;     Dedicated logic registers      ; 88                                          ;
; Total registers                    ; 88                                          ;
; Total pins                         ; 21                                          ;
; Total virtual pins                 ; 0                                           ;
; Total memory bits                  ; 0                                           ;
; Embedded Multiplier 9-bit elements ; 0                                           ;
; Total PLLs                         ; 0                                           ;
; UFM blocks                         ; 0                                           ;
; ADC blocks                         ; 0                                           ;
+------------------------------------+---------------------------------------------+


+----------------------------------------------------------------------------------------------------------------------+
; Analysis & Synthesis Settings                                                                                        ;
+----------------------------------------------------------------------------+--------------------+--------------------+
; Option                                                                     ; Setting            ; Default Value      ;
+----------------------------------------------------------------------------+--------------------+--------------------+
; Device                                                                     ; 10M50DAF484C7G     ;                    ;
; Top-level entity name                                                      ; pilot              ; pilot              ;
; Family name                                                                ; MAX 10             ; Cyclone V          ;
; Use smart compilation                                                      ; Off                ; Off                ;
; Enable parallel Assembler and TimeQuest Timing Analyzer during compilation ; On                 ; On                 ;
; Enable compact report table                                                ; Off                ; Off                ;
; Restructure Multiplexers                                                   ; Auto               ; Auto               ;
; Create Debugging Nodes for IP Cores                                        ; Off                ; Off                ;
; Preserve fewer node names                                                  ; On                 ; On                 ;
; OpenCore Plus hardware evaluation                                          ; Enable             ; Enable             ;
; Verilog Version                                                            ; Verilog_2001       ; Verilog_2001       ;
; VHDL Version                                                               ; VHDL_1993          ; VHDL_1993          ;
; State Machine Processing                                                   ; Auto               ; Auto               ;
; Safe State Machine                                                         ; Off                ; Off                ;
; Extract Verilog State Machines                                             ; On                 ; On                 ;
; Extract VHDL State Machines                                                ; On                 ; On                 ;
; Ignore Verilog initial constructs                                          ; Off                ; Off                ;
; Iteration limit for constant Verilog loops                                 ; 5000               ; 5000               ;
; Iteration limit for non-constant Verilog loops                             ; 250                ; 250                ;
; Add Pass-Through Logic to Inferred RAMs                                    ; On                 ; On                 ;
; Infer RAMs from Raw Logic                                                  ; On                 ; On                 ;
; Parallel Synthesis                                                         ; On                 ; On                 ;
; DSP Block Balancing                                                        ; Auto               ; Auto               ;
; NOT Gate Push-Back                                                         ; On                 ; On                 ;
; Power-Up Don't Care                                                        ; On                 ; On                 ;
; Remove Redundant Logic Cells                                               ; Off                ; Off                ;
; Remove Duplicate Registers                                                 ; On                 ; On                 ;
; Ignore CARRY Buffers                                                       ; Off                ; Off                ;
; Ignore CASCADE Buffers                                                     ; Off                ; Off                ;
; Ignore GLOBAL Buffers                                                      ; Off                ; Off                ;
; Ignore ROW GLOBAL Buffers                                                  ; Off                ; Off                ;
; Ignore LCELL Buffers                                                       ; Off                ; Off                ;
; Ignore SOFT Buffers                                                        ; On                 ; On                 ;
; Limit AHDL Integers to 32 Bits                                             ; Off                ; Off                ;
; Optimization Technique                                                     ; Balanced           ; Balanced           ;
; Carry Chain Length                                                         ; 70                 ; 70                 ;
; Auto Carry Chains                                                          ; On                 ; On                 ;
; Auto Open-Drain Pins                                                       ; On                 ; On                 ;
; Perform WYSIWYG Primitive Resynthesis                                      ; Off                ; Off                ;
; Auto ROM Replacement                                                       ; On                 ; On                 ;
; Auto RAM Replacement                                                       ; On                 ; On                 ;
; Auto DSP Block Replacement                                                 ; On                 ; On                 ;
; Auto Shift Register Replacement                                            ; Auto               ; Auto               ;
; Allow Shift Register Merging across Hierarchies                            ; Auto               ; Auto               ;
; Auto Clock Enable Replacement                                              ; On                 ; On                 ;
; Strict RAM Replacement                                                     ; Off                ; Off                ;
; Allow Synchronous Control Signals                                          ; On                 ; On                 ;
; Force Use of Synchronous Clear Signals                                     ; Off                ; Off                ;
; Auto RAM Block Balancing                                                   ; On                 ; On                 ;
; Auto RAM to Logic Cell Conversion                                          ; Off                ; Off                ;
; Auto Resource Sharing                                                      ; Off                ; Off                ;
; Allow Any RAM Size For Recognition                                         ; Off                ; Off                ;
; Allow Any ROM Size For Recognition                                         ; Off                ; Off                ;
; Allow Any Shift Register Size For Recognition                              ; Off                ; Off                ;
; Use LogicLock Constraints during Resource Balancing                        ; On                 ; On                 ;
; Ignore translate_off and synthesis_off directives                          ; Off                ; Off                ;
; Timing-Driven Synthesis                                                    ; On                 ; On                 ;
; Report Parameter Settings                                                  ; On                 ; On                 ;
; Report Source Assignments                                                  ; On                 ; On                 ;
; Report Connectivity Checks                                                 ; On                 ; On                 ;
; Ignore Maximum Fan-Out Assignments                                         ; Off                ; Off                ;
; Synchronization Register Chain Length                                      ; 2                  ; 2                  ;
; PowerPlay Power Optimization During Synthesis                              ; Normal compilation ; Normal compilation ;
; HDL message level                                                          ; Level2             ; Level2             ;
; Suppress Register Optimization Related Messages                            ; Off                ; Off                ;
; Number of Removed Registers Reported in Synthesis Report                   ; 5000               ; 5000               ;
; Number of Swept Nodes Reported in Synthesis Report                         ; 5000               ; 5000               ;
; Number of Inverted Registers Reported in Synthesis Report                  ; 100                ; 100                ;
; Clock MUX Protection                                                       ; On                 ; On                 ;
; Auto Gated Clock Conversion                                                ; Off                ; Off                ;
; Block Design Naming                                                        ; Auto               ; Auto               ;
; SDC constraint protection                                                  ; Off                ; Off                ;
; Synthesis Effort                                                           ; Auto               ; Auto               ;
; Shift Register Replacement - Allow Asynchronous Clear Signal               ; On                 ; On                 ;
; Pre-Mapping Resynthesis Optimization                                       ; Off                ; Off                ;
; Analysis & Synthesis Message Level                                         ; Medium             ; Medium             ;
; Disable Register Merging Across Hierarchies                                ; Auto               ; Auto               ;
; Resource Aware Inference For Block RAM                                     ; On                 ; On                 ;
+----------------------------------------------------------------------------+--------------------+--------------------+


+------------------------------------------+
; Parallel Compilation                     ;
+----------------------------+-------------+
; Processors                 ; Number      ;
+----------------------------+-------------+
; Number detected on machine ; 8           ;
; Maximum allowed            ; 4           ;
;                            ;             ;
; Average used               ; 1.00        ;
; Maximum used               ; 4           ;
;                            ;             ;
; Usage by Processor         ; % Time Used ;
;     Processor 1            ; 100.0%      ;
;     Processors 2-4         ;   0.0%      ;
+----------------------------+-------------+


+------------------------------------------------------------------------------------------------------------------------------------+
; Analysis & Synthesis Source Files Read                                                                                             ;
+----------------------------------+-----------------+-----------------+---------------------------------------------------+---------+
; File Name with User-Entered Path ; Used in Netlist ; File Type       ; File Name with Absolute Path                      ; Library ;
+----------------------------------+-----------------+-----------------+---------------------------------------------------+---------+
; src/UART.vhd                     ; yes             ; User VHDL File  ; C:/Users/hrf_m/Desktop/pilot/src/UART.vhd         ;         ;
; src/transmission.vhd             ; yes             ; User VHDL File  ; C:/Users/hrf_m/Desktop/pilot/src/transmission.vhd ;         ;
; src/reception.vhd                ; yes             ; User VHDL File  ; C:/Users/hrf_m/Desktop/pilot/src/reception.vhd    ;         ;
; src/Pilot.vhd                    ; yes             ; User VHDL File  ; C:/Users/hrf_m/Desktop/pilot/src/Pilot.vhd        ;         ;
; src/Baude_rate.vhd               ; yes             ; User VHDL File  ; C:/Users/hrf_m/Desktop/pilot/src/Baude_rate.vhd   ;         ;
; src/anti_rebond.vhd              ; yes             ; User VHDL File  ; C:/Users/hrf_m/Desktop/pilot/src/anti_rebond.vhd  ;         ;
+----------------------------------+-----------------+-----------------+---------------------------------------------------+---------+


+---------------------------------------------------------+
; Analysis & Synthesis Resource Usage Summary             ;
+---------------------------------------------+-----------+
; Resource                                    ; Usage     ;
+---------------------------------------------+-----------+
; Estimated Total logic elements              ; 154       ;
;                                             ;           ;
; Total combinational functions               ; 146       ;
; Logic element usage by number of LUT inputs ;           ;
;     -- 4 input functions                    ; 78        ;
;     -- 3 input functions                    ; 14        ;
;     -- <=2 input functions                  ; 54        ;
;                                             ;           ;
; Logic elements by mode                      ;           ;
;     -- normal mode                          ; 111       ;
;     -- arithmetic mode                      ; 35        ;
;                                             ;           ;
; Total registers                             ; 88        ;
;     -- Dedicated logic registers            ; 88        ;
;     -- I/O registers                        ; 0         ;
;                                             ;           ;
; I/O pins                                    ; 21        ;
;                                             ;           ;
; Embedded Multiplier 9-bit elements          ; 0         ;
;                                             ;           ;
; Maximum fan-out node                        ; clk~input ;
; Maximum fan-out                             ; 88        ;
; Total fan-out                               ; 776       ;
; Average fan-out                             ; 2.81      ;
+---------------------------------------------+-----------+


+--------------------------------------------------------------------------------------------------------------------------------------------------------------------------------------------------------------------------------------------------------------------------------+
; Analysis & Synthesis Resource Utilization by Entity                                                                                                                                                                                                                            ;
+---------------------------------------+---------------------+---------------------------+-------------+------------+--------------+---------+-----------+------+--------------+------------+-----------------------------------------------------+--------------+--------------+
; Compilation Hierarchy Node            ; Combinational ALUTs ; Dedicated Logic Registers ; Memory Bits ; UFM Blocks ; DSP Elements ; DSP 9x9 ; DSP 18x18 ; Pins ; Virtual Pins ; ADC blocks ; Full Hierarchy Name                                 ; Entity Name  ; Library Name ;
+---------------------------------------+---------------------+---------------------------+-------------+------------+--------------+---------+-----------+------+--------------+------------+-----------------------------------------------------+--------------+--------------+
; |pilot                                ; 146 (0)             ; 88 (0)                    ; 0           ; 0          ; 0            ; 0       ; 0         ; 21   ; 0            ; 0          ; |pilot                                              ; pilot        ; work         ;
;    |UART:UART_transceiver|            ; 120 (0)             ; 71 (0)                    ; 0           ; 0          ; 0            ; 0       ; 0         ; 0    ; 0            ; 0          ; |pilot|UART:UART_transceiver                        ; UART         ; work         ;
;       |baude_rate:B_rate|             ; 28 (28)             ; 24 (24)                   ; 0           ; 0          ; 0            ; 0       ; 0         ; 0    ; 0            ; 0          ; |pilot|UART:UART_transceiver|baude_rate:B_rate      ; baude_rate   ; work         ;
;       |reception:rx_module|           ; 66 (66)             ; 27 (27)                   ; 0           ; 0          ; 0            ; 0       ; 0         ; 0    ; 0            ; 0          ; |pilot|UART:UART_transceiver|reception:rx_module    ; reception    ; work         ;
;       |transmission:tx_module|        ; 26 (26)             ; 20 (20)                   ; 0           ; 0          ; 0            ; 0       ; 0         ; 0    ; 0            ; 0          ; |pilot|UART:UART_transceiver|transmission:tx_module ; transmission ; work         ;
;    |anti_rebond:tx_button_controller| ; 26 (26)             ; 17 (17)                   ; 0           ; 0          ; 0            ; 0       ; 0         ; 0    ; 0            ; 0          ; |pilot|anti_rebond:tx_button_controller             ; anti_rebond  ; work         ;
+---------------------------------------+---------------------+---------------------------+-------------+------------+--------------+---------+-----------+------+--------------+------------+-----------------------------------------------------+--------------+--------------+
Note: For table entries with two numbers listed, the numbers in parentheses indicate the number of resources of the given type used by the specific entity alone. The numbers listed outside of parentheses indicate the total resources of the given type used by the specific entity and all of its sub-entities in the hierarchy.


Encoding Type:  One-Hot
+----------------------------------------------------------------------------+
; State Machine - |pilot|UART:UART_transceiver|reception:rx_module|rx_etat   ;
+---------------+--------------+--------------+---------------+--------------+
; Name          ; rx_etat.stop ; rx_etat.data ; rx_etat.start ; rx_etat.Idle ;
+---------------+--------------+--------------+---------------+--------------+
; rx_etat.Idle  ; 0            ; 0            ; 0             ; 0            ;
; rx_etat.start ; 0            ; 0            ; 1             ; 1            ;
; rx_etat.data  ; 0            ; 1            ; 0             ; 1            ;
; rx_etat.stop  ; 1            ; 0            ; 0             ; 1            ;
+---------------+--------------+--------------+---------------+--------------+


Encoding Type:  One-Hot
+-----------------------------------------------------------------------------+
; State Machine - |pilot|UART:UART_transceiver|transmission:tx_module|tx_etat ;
+---------------+--------------+--------------+---------------+---------------+
; Name          ; tx_etat.stop ; tx_etat.data ; tx_etat.start ; tx_etat.Idle  ;
+---------------+--------------+--------------+---------------+---------------+
; tx_etat.Idle  ; 0            ; 0            ; 0             ; 0             ;
; tx_etat.start ; 0            ; 0            ; 1             ; 1             ;
; tx_etat.data  ; 0            ; 1            ; 0             ; 1             ;
; tx_etat.stop  ; 1            ; 0            ; 0             ; 1             ;
+---------------+--------------+--------------+---------------+---------------+


+------------------------------------------------------+
; General Register Statistics                          ;
+----------------------------------------------+-------+
; Statistic                                    ; Value ;
+----------------------------------------------+-------+
; Total registers                              ; 88    ;
; Number of registers using Synchronous Clear  ; 51    ;
; Number of registers using Synchronous Load   ; 2     ;
; Number of registers using Asynchronous Clear ; 24    ;
; Number of registers using Asynchronous Load  ; 0     ;
; Number of registers using Clock Enable       ; 34    ;
; Number of registers using Preset             ; 0     ;
+----------------------------------------------+-------+


+------------------------------------------------------------------------+
; Inverted Register Statistics                                           ;
+--------------------------------------------------------------+---------+
; Inverted Register                                            ; Fan out ;
+--------------------------------------------------------------+---------+
; UART:UART_transceiver|transmission:tx_module|bit_counter_rst ; 5       ;
; Total number of inverted registers = 1                       ;         ;
+--------------------------------------------------------------+---------+


+----------------------------------------------------------------------------------------------------------------------------------------------------------------------------------------------+
; Multiplexer Restructuring Statistics (Restructuring Performed)                                                                                                                               ;
+--------------------+-----------+---------------+----------------------+------------------------+------------+--------------------------------------------------------------------------------+
; Multiplexer Inputs ; Bus Width ; Baseline Area ; Area if Restructured ; Saving if Restructured ; Registered ; Example Multiplexer Output                                                     ;
+--------------------+-----------+---------------+----------------------+------------------------+------------+--------------------------------------------------------------------------------+
; 3:1                ; 11 bits   ; 22 LEs        ; 11 LEs               ; 11 LEs                 ; Yes        ; |pilot|UART:UART_transceiver|reception:rx_module|rx_out_temp[7]                ;
; 3:1                ; 2 bits    ; 4 LEs         ; 2 LEs                ; 2 LEs                  ; Yes        ; |pilot|UART:UART_transceiver|transmission:tx_module|start_rst                  ;
; 3:1                ; 8 bits    ; 16 LEs        ; 8 LEs                ; 8 LEs                  ; Yes        ; |pilot|UART:UART_transceiver|reception:rx_module|rx_out[0]                     ;
; 3:1                ; 4 bits    ; 8 LEs         ; 4 LEs                ; 4 LEs                  ; Yes        ; |pilot|UART:UART_transceiver|transmission:tx_module|bit_counter[3]             ;
; 10:1               ; 4 bits    ; 24 LEs        ; 4 LEs                ; 20 LEs                 ; Yes        ; |pilot|UART:UART_transceiver|reception:rx_module|\machineAetat:bit_duration[2] ;
; 3:1                ; 2 bits    ; 4 LEs         ; 4 LEs                ; 0 LEs                  ; No         ; |pilot|UART:UART_transceiver|transmission:tx_module|tx_etat                    ;
; 8:1                ; 2 bits    ; 10 LEs        ; 6 LEs                ; 4 LEs                  ; No         ; |pilot|UART:UART_transceiver|transmission:tx_module|tx_etat                    ;
; 11:1               ; 4 bits    ; 28 LEs        ; 16 LEs               ; 12 LEs                 ; No         ; |pilot|UART:UART_transceiver|reception:rx_module|rx_etat                       ;
+--------------------+-----------+---------------+----------------------+------------------------+------------+--------------------------------------------------------------------------------+


+--------------------------------------------------------------------------------------+
; Parameter Settings for User Entity Instance: UART:UART_transceiver|baude_rate:B_rate ;
+----------------+----------+----------------------------------------------------------+
; Parameter Name ; Value    ; Type                                                     ;
+----------------+----------+----------------------------------------------------------+
; de10_clock     ; 50000000 ; Signed Integer                                           ;
; bauderate      ; 9600     ; Signed Integer                                           ;
+----------------+----------+----------------------------------------------------------+
Note: In order to hide this table in the UI and the text report file, please set the "Show Parameter Settings in Synthesis Report" option in "Analysis and Synthesis Settings -> More Settings" to "Off".


+-----------------------------------------------------+
; Post-Synthesis Netlist Statistics for Top Partition ;
+-----------------------+-----------------------------+
; Type                  ; Count                       ;
+-----------------------+-----------------------------+
; boundary_port         ; 21                          ;
; cycloneiii_ff         ; 88                          ;
;     CLR               ; 2                           ;
;     CLR SCLR          ; 22                          ;
;     ENA               ; 19                          ;
;     ENA SCLR          ; 13                          ;
;     ENA SLD           ; 2                           ;
;     SCLR              ; 16                          ;
;     plain             ; 14                          ;
; cycloneiii_lcell_comb ; 146                         ;
;     arith             ; 35                          ;
;         2 data inputs ; 35                          ;
;     normal            ; 111                         ;
;         1 data inputs ; 3                           ;
;         2 data inputs ; 16                          ;
;         3 data inputs ; 14                          ;
;         4 data inputs ; 78                          ;
;                       ;                             ;
; Max LUT depth         ; 4.00                        ;
; Average LUT depth     ; 2.51                        ;
+-----------------------+-----------------------------+


+-------------------------------+
; Elapsed Time Per Partition    ;
+----------------+--------------+
; Partition Name ; Elapsed Time ;
+----------------+--------------+
; Top            ; 00:00:04     ;
+----------------+--------------+


+-------------------------------+
; Analysis & Synthesis Messages ;
+-------------------------------+
Info: *******************************************************************
Info: Running Quartus Prime Analysis & Synthesis
    Info: Version 17.0.0 Build 595 04/25/2017 SJ Lite Edition
    Info: Processing started: Fri Jan 27 20:13:16 2023
Info: Command: quartus_map --read_settings_files=on --write_settings_files=off pilot -c pilot
Warning (18236): Number of processors has not been specified which may cause overloading on shared machines.  Set the global assignment NUM_PARALLEL_PROCESSORS in your QSF to an appropriate value for best performance.
Info (20030): Parallel compilation is enabled and will use 4 of the 4 processors detected
Info (12021): Found 2 design units, including 1 entities, in source file src/uart.vhd
    Info (12022): Found design unit 1: UART-arch File: C:/Users/hrf_m/Desktop/pilot/src/UART.vhd Line: 23
    Info (12023): Found entity 1: UART File: C:/Users/hrf_m/Desktop/pilot/src/UART.vhd Line: 7
Info (12021): Found 2 design units, including 1 entities, in source file src/transmission.vhd
    Info (12022): Found design unit 1: transmission-Behavioral File: C:/Users/hrf_m/Desktop/pilot/src/transmission.vhd Line: 19
    Info (12023): Found entity 1: transmission File: C:/Users/hrf_m/Desktop/pilot/src/transmission.vhd Line: 7
Info (12021): Found 2 design units, including 1 entities, in source file src/reception.vhd
    Info (12022): Found design unit 1: reception-arch File: C:/Users/hrf_m/Desktop/pilot/src/reception.vhd Line: 11
    Info (12023): Found entity 1: reception File: C:/Users/hrf_m/Desktop/pilot/src/reception.vhd Line: 5
Info (12021): Found 2 design units, including 1 entities, in source file src/pilot.vhd
    Info (12022): Found design unit 1: pilot-Behavioral File: C:/Users/hrf_m/Desktop/pilot/src/Pilot.vhd Line: 22
    Info (12023): Found entity 1: pilot File: C:/Users/hrf_m/Desktop/pilot/src/Pilot.vhd Line: 6
Info (12021): Found 2 design units, including 1 entities, in source file src/baude_rate.vhd
    Info (12022): Found design unit 1: baude_rate-arch File: C:/Users/hrf_m/Desktop/pilot/src/Baude_rate.vhd Line: 13
    Info (12023): Found entity 1: baude_rate File: C:/Users/hrf_m/Desktop/pilot/src/Baude_rate.vhd Line: 5
Info (12021): Found 2 design units, including 1 entities, in source file src/anti_rebond.vhd
    Info (12022): Found design unit 1: anti_rebond-arch File: C:/Users/hrf_m/Desktop/pilot/src/anti_rebond.vhd Line: 13
    Info (12023): Found entity 1: anti_rebond File: C:/Users/hrf_m/Desktop/pilot/src/anti_rebond.vhd Line: 5
Info (12127): Elaborating entity "pilot" for the top level hierarchy
Info (12128): Elaborating entity "anti_rebond" for hierarchy "anti_rebond:tx_button_controller" File: C:/Users/hrf_m/Desktop/pilot/src/Pilot.vhd Line: 28
Info (12128): Elaborating entity "UART" for hierarchy "UART:UART_transceiver" File: C:/Users/hrf_m/Desktop/pilot/src/Pilot.vhd Line: 35
Info (12128): Elaborating entity "baude_rate" for hierarchy "UART:UART_transceiver|baude_rate:B_rate" File: C:/Users/hrf_m/Desktop/pilot/src/UART.vhd Line: 28
Info (12128): Elaborating entity "transmission" for hierarchy "UART:UART_transceiver|transmission:tx_module" File: C:/Users/hrf_m/Desktop/pilot/src/UART.vhd Line: 37
Info (12128): Elaborating entity "reception" for hierarchy "UART:UART_transceiver|reception:rx_module" File: C:/Users/hrf_m/Desktop/pilot/src/UART.vhd Line: 47
Info (286030): Timing-Driven Synthesis is running
Critical Warning (18061): Ignored Power-Up Level option on the following registers
    Critical Warning (18010): Register UART:UART_transceiver|baude_rate:B_rate|tickx16 will power up to Low File: C:/Users/hrf_m/Desktop/pilot/src/Baude_rate.vhd Line: 32
    Critical Warning (18010): Register UART:UART_transceiver|baude_rate:B_rate|tick will power up to Low File: C:/Users/hrf_m/Desktop/pilot/src/Baude_rate.vhd Line: 32
Info (16010): Generating hard_block partition "hard_block:auto_generated_inst"
    Info (16011): Adding 0 node(s), including 0 DDIO, 0 PLL, 0 transceiver and 0 LCELL
Info (21057): Implemented 178 device resources after synthesis - the final resource count might be different
    Info (21058): Implemented 12 input pins
    Info (21059): Implemented 9 output pins
    Info (21061): Implemented 157 logic cells
Info: Quartus Prime Analysis & Synthesis was successful. 0 errors, 4 warnings
    Info: Peak virtual memory: 4791 megabytes
    Info: Processing ended: Fri Jan 27 20:13:45 2023
    Info: Elapsed time: 00:00:29
    Info: Total CPU time (on all processors): 00:00:28


